<?xml version="1.0" encoding="UTF-8"?>
<!-- Generated by org.testng.reporters.JUnitXMLReporter -->
<testsuite ignored="0" hostname="DESKTOP-TONHVC3" failures="0" tests="2" name="Default test" time="0.356" errors="0" timestamp="2023-04-22T07:07:57 IST">
  <testcase classname="com.saucedemo.qa.testCase.LoginPageTest" name="verifyLoginPageTitle" time="0.014"/>
  <testcase classname="com.saucedemo.qa.testCase.LoginPageTest" name="verifyLoginWithValidCredentials" time="0.312"/>
</testsuite> <!-- Default test -->
