<?xml version="1.0" encoding="UTF-8"?>
<testng-results ignored="0" total="2" passed="2" failed="0" skipped="0">
  <reporter-output>
  </reporter-output>
  <suite started-at="2023-04-22T07:07:57 IST" name="Default suite" finished-at="2023-04-22T07:07:57 IST" duration-ms="356">
    <groups>
    </groups>
    <test started-at="2023-04-22T07:07:57 IST" name="Default test" finished-at="2023-04-22T07:07:57 IST" duration-ms="356">
      <class name="com.saucedemo.qa.testCase.LoginPageTest">
        <test-method is-config="true" signature="setUp()[pri:0, instance:com.saucedemo.qa.testCase.LoginPageTest@71def8f8]" started-at="2023-04-22T07:07:53 IST" name="setUp" finished-at="2023-04-22T07:07:57 IST" duration-ms="4197" status="PASS">
          <reporter-output>
          </reporter-output>
        </test-method> <!-- setUp -->
        <test-method signature="verifyLoginPageTitle()[pri:0, instance:com.saucedemo.qa.testCase.LoginPageTest@71def8f8]" started-at="2023-04-22T07:07:57 IST" name="verifyLoginPageTitle" finished-at="2023-04-22T07:07:57 IST" duration-ms="14" status="PASS">
          <reporter-output>
          </reporter-output>
        </test-method> <!-- verifyLoginPageTitle -->
        <test-method signature="verifyLoginWithValidCredentials()[pri:0, instance:com.saucedemo.qa.testCase.LoginPageTest@71def8f8]" started-at="2023-04-22T07:07:57 IST" name="verifyLoginWithValidCredentials" finished-at="2023-04-22T07:07:57 IST" duration-ms="312" status="PASS">
          <reporter-output>
          </reporter-output>
        </test-method> <!-- verifyLoginWithValidCredentials -->
      </class> <!-- com.saucedemo.qa.testCase.LoginPageTest -->
    </test> <!-- Default test -->
  </suite> <!-- Default suite -->
</testng-results>
